Arguments: 
  E:\node-v16.13.1-win-x64\node.exe E:\node-v16.13.1-win-x64\node_modules\yarn\bin\yarn.js add express-ws

PATH: 
  C:\Program Files\Common Files\Oracle\Java\javapath;C:\Users\19654\Desktop\node-v16.13.1-win-x64;C:\Program Files (x86)\Common Files\Intel\Shared Libraries\redist\intel64\compiler;C:\Program Files (x86)\Intel\Intel(R) Management Engine Components\iCLS\;C:\Program Files\Intel\Intel(R) Management Engine Components\iCLS\;C:\Windows\system32;C:\Windows;C:\Windows\System32\Wbem;C:\Windows\System32\WindowsPowerShell\v1.0\;C:\Windows\System32\OpenSSH\;C:\Program Files (x86)\Intel\Intel(R) Management Engine Components\DAL;C:\Program Files\Intel\Intel(R) Management Engine Components\DAL;C:\Program Files (x86)\Intel\Intel(R) Management Engine Components\IPT;C:\Program Files\Intel\Intel(R) Management Engine Components\IPT;C:\Program Files (x86)\NVIDIA Corporation\PhysX\Common;C:\WINDOWS\system32;C:\WINDOWS;C:\WINDOWS\System32\Wbem;C:\WINDOWS\System32\WindowsPowerShell\v1.0\;C:\WINDOWS\System32\OpenSSH\;C:\Program Files\NVIDIA Corporation\NVIDIA NvDLISR;C:\Program Files\Common Files\Autodesk Shared\;C:\Program Files\Git\cmd;C:\Program Files\Git\mingw64\bin;C:\Program Files\Git\usr\bin;C:\Program Files\dotnet\;E:\node-v16.13.1-win-x64;C:\Users\19654\AppData\Local\Android\Sdk\platform-tools;C:\Users\19654\AppData\Local\Android\Sdk\emulator;C:\Users\19654\AppData\Local\Android\Sdk\tools;C:\Users\19654\AppData\Local\Android\Sdk\tools\bin;C:\Users\19654\.cargo\bin;C:\Users\19654\AppData\Local\Microsoft\WindowsApps;D:\phpstudy_pro\Extensions\MySQL5.7.26\bin;d:\Users\19654\AppData\Local\Programs\Microsoft VS Code\bin;D:\Program Files\JetBrains\WebStorm 2022.1.3\bin;d:\Fiddler;C:\Users\19654\AppData\Local\Microsoft\WindowsApps;C:\Program Files (x86)\Tencent\QQGameTempest\Hall.57967\;C:\Program Files\Java\jdk-11.0.17\bin;

Yarn version: 
  1.22.19

Node version: 
  16.13.1

Platform: 
  win32 x64

Trace: 
  SyntaxError: C:\Users\19654\Desktop\im\package.json: Unexpected token y in JSON at position 112
      at JSON.parse (<anonymous>)
      at E:\node-v16.13.1-win-x64\node_modules\yarn\lib\cli.js:1629:59
      at Generator.next (<anonymous>)
      at step (E:\node-v16.13.1-win-x64\node_modules\yarn\lib\cli.js:310:30)
      at E:\node-v16.13.1-win-x64\node_modules\yarn\lib\cli.js:321:13

npm manifest: 
  {
    "name": "projectname",
    "version": "0.0.0",
    "private": true,
    "scripts": {
      "start": "nodemon app.js"yar
    },
    "dependencies": {
      "body-parser": "^1.20.2",
      "cookie-parser": "~1.4.4",
      "debug": "~2.6.9",
      "express": "~4.16.1",
      "http-errors": "~1.6.3",
      "jade": "~1.11.0",
      "morgan": "~1.9.1",
      "nodemon": "^3.0.1"
    }
  }

yarn manifest: 
  No manifest

Lockfile: 
  # THIS IS AN AUTOGENERATED FILE. DO NOT EDIT THIS FILE DIRECTLY.
  # yarn lockfile v1
  
  
  "abbrev@1":
    "integrity" "sha512-nne9/IiQ/hzIhY6pdDnbBtz7DjPTKrY00P/zvPSm5pOFkl6xuGrGnXn/VtTNNfNtAfZ9/1RtehkszU9qcTii0Q=="
    "resolved" "https://mirrors.cloud.tencent.com/npm/abbrev/-/abbrev-1.1.1.tgz"
    "version" "1.1.1"
  
  "accepts@~1.3.5":
    "integrity" "sha512-PYAthTa2m2VKxuvSD3DPC/Gy+U+sOA1LAuT8mkmRuvw+NACSaeXEQ+NHcVF7rONl6qcaxV3Uuemwawk+7+SJLw=="
    "resolved" "https://mirrors.cloud.tencent.com/npm/accepts/-/accepts-1.3.8.tgz"
    "version" "1.3.8"
    dependencies:
      "mime-types" "~2.1.34"
      "negotiator" "0.6.3"
  
  "acorn-globals@^1.0.3":
    "integrity" "sha1-VbtemGkVB7dFedBRNBMhfDgMVM8="
    "resolved" "https://mirrors.cloud.tencent.com/npm/acorn-globals/-/acorn-globals-1.0.9.tgz"
    "version" "1.0.9"
    dependencies:
      "acorn" "^2.1.0"
  
  "acorn@^1.0.1":
    "integrity" "sha1-yM4n3grMdtiW0rH6099YjZ6C8BQ="
    "resolved" "https://mirrors.cloud.tencent.com/npm/acorn/-/acorn-1.2.2.tgz"
    "version" "1.2.2"
  
  "acorn@^2.1.0":
    "integrity" "sha1-q259nYhqrKiwhbwzEreaGYQz8Oc="
    "resolved" "https://mirrors.cloud.tencent.com/npm/acorn/-/acorn-2.7.0.tgz"
    "version" "2.7.0"
  
  "align-text@^0.1.1", "align-text@^0.1.3":
    "integrity" "sha1-DNkKVhCT810KmSVsIrcGlDP60Rc="
    "resolved" "https://mirrors.cloud.tencent.com/npm/align-text/-/align-text-0.1.4.tgz"
    "version" "0.1.4"
    dependencies:
      "kind-of" "^3.0.2"
      "longest" "^1.0.1"
      "repeat-string" "^1.5.2"
  
  "amdefine@>=0.0.4":
    "integrity" "sha1-SlKCrBZHKek2Gbz9OtFR+BfOkfU="
    "resolved" "https://mirrors.cloud.tencent.com/npm/amdefine/-/amdefine-1.0.1.tgz"
    "version" "1.0.1"
  
  "anymatch@~3.1.2":
    "integrity" "sha512-KMReFUr0B4t+D+OBkjR3KYqvocp2XaSzO55UcB6mgQMd3KbcE+mWTyvVV7D/zsdEbNnV6acZUutkiHQXvTr1Rw=="
    "resolved" "https://mirrors.cloud.tencent.com/npm/anymatch/-/anymatch-3.1.3.tgz"
    "version" "3.1.3"
    dependencies:
      "normalize-path" "^3.0.0"
      "picomatch" "^2.0.4"
  
  "array-flatten@1.1.1":
    "integrity" "sha1-ml9pkFGx5wczKPKgCJaLZOopVdI="
    "resolved" "https://mirrors.cloud.tencent.com/npm/array-flatten/-/array-flatten-1.1.1.tgz"
    "version" "1.1.1"
  
  "asap@~1.0.0":
    "integrity" "sha1-sqRdpf36ILBJb8N2jMJ8EvqRan0="
    "resolved" "https://mirrors.cloud.tencent.com/npm/asap/-/asap-1.0.0.tgz"
    "version" "1.0.0"
  
  "balanced-match@^1.0.0":
    "integrity" "sha512-3oSeUO0TMV67hN1AmbXsK4yaqU7tjiHlbxRDZOpH0KW9+CeX4bRAaX0Anxt0tx2MrpRpWwQaPwIlISEJhYU5Pw=="
    "resolved" "https://mirrors.cloud.tencent.com/npm/balanced-match/-/balanced-match-1.0.2.tgz"
    "version" "1.0.2"
  
  "basic-auth@~2.0.0":
    "integrity" "sha512-NF+epuEdnUYVlGuhaxbbq+dvJttwLnGY+YixlXlME5KpQ5W3CnXA5cVTneY3SPbPDRkcjMbifrwmFYcClgOZeg=="
    "resolved" "https://mirrors.cloud.tencent.com/npm/basic-auth/-/basic-auth-2.0.1.tgz"
    "version" "2.0.1"
    dependencies:
      "safe-buffer" "5.1.2"
  
  "binary-extensions@^2.0.0":
    "integrity" "sha512-jDctJ/IVQbZoJykoeHbhXpOlNBqGNcwXJKJog42E5HDPUwQTSdjCHdihjj0DlnheQ7blbT6dHOafNAiS8ooQKA=="
    "resolved" "https://mirrors.cloud.tencent.com/npm/binary-extensions/-/binary-extensions-2.2.0.tgz"
    "version" "2.2.0"
  
  "body-parser@^1.20.2":
    "integrity" "sha512-ml9pReCu3M61kGlqoTm2umSXTlRTuGTx0bfYj+uIUKKYycG5NtSbeetV3faSU6R7ajOPw0g/J1PvK4qNy7s5bA=="
    "resolved" "https://mirrors.cloud.tencent.com/npm/body-parser/-/body-parser-1.20.2.tgz"
    "version" "1.20.2"
    dependencies:
      "bytes" "3.1.2"
      "content-type" "~1.0.5"
      "debug" "2.6.9"
      "depd" "2.0.0"
      "destroy" "1.2.0"
      "http-errors" "2.0.0"
      "iconv-lite" "0.4.24"
      "on-finished" "2.4.1"
      "qs" "6.11.0"
      "raw-body" "2.5.2"
      "type-is" "~1.6.18"
      "unpipe" "1.0.0"
  
  "body-parser@1.18.3":
    "integrity" "sha1-WykhmP/dVTs6DyDe0FkrlWlVyLQ="
    "resolved" "https://mirrors.cloud.tencent.com/npm/body-parser/-/body-parser-1.18.3.tgz"
    "version" "1.18.3"
    dependencies:
      "bytes" "3.0.0"
      "content-type" "~1.0.4"
      "debug" "2.6.9"
      "depd" "~1.1.2"
      "http-errors" "~1.6.3"
      "iconv-lite" "0.4.23"
      "on-finished" "~2.3.0"
      "qs" "6.5.2"
      "raw-body" "2.3.3"
      "type-is" "~1.6.16"
  
  "brace-expansion@^1.1.7":
    "integrity" "sha512-iCuPHDFgrHX7H2vEI/5xpz07zSHB00TpugqhmYtVmMO6518mCuRMoOYFldEBl0g187ufozdaHgWKcYFb61qGiA=="
    "resolved" "https://mirrors.cloud.tencent.com/npm/brace-expansion/-/brace-expansion-1.1.11.tgz"
    "version" "1.1.11"
    dependencies:
      "balanced-match" "^1.0.0"
      "concat-map" "0.0.1"
  
  "braces@~3.0.2":
    "integrity" "sha512-b8um+L1RzM3WDSzvhm6gIz1yfTbBt6YTlcEKAvsmqCZZFw46z626lVj9j1yEPW33H5H+lBQpZMP1k8l+78Ha0A=="
    "resolved" "https://mirrors.cloud.tencent.com/npm/braces/-/braces-3.0.2.tgz"
    "version" "3.0.2"
    dependencies:
      "fill-range" "^7.0.1"
  
  "bytes@3.0.0":
    "integrity" "sha1-0ygVQE1olpn4Wk6k+odV3ROpYEg="
    "resolved" "https://mirrors.cloud.tencent.com/npm/bytes/-/bytes-3.0.0.tgz"
    "version" "3.0.0"
  
  "bytes@3.1.2":
    "integrity" "sha512-/Nf7TyzTx6S3yRJObOAV7956r8cr2+Oj8AC5dt8wSP3BQAoeX58NoHyCU8P8zGkNXStjTSi6fzO6F0pBdcYbEg=="
    "resolved" "https://mirrors.cloud.tencent.com/npm/bytes/-/bytes-3.1.2.tgz"
    "version" "3.1.2"
  
  "call-bind@^1.0.0":
    "integrity" "sha512-7O+FbCihrB5WGbFYesctwmTKae6rOiIzmz1icreWJ+0aA7LJfuqhEso2T9ncpcFtzMQtzXf2QGGueWJGTYsqrA=="
    "resolved" "https://mirrors.cloud.tencent.com/npm/call-bind/-/call-bind-1.0.2.tgz"
    "version" "1.0.2"
    dependencies:
      "function-bind" "^1.1.1"
      "get-intrinsic" "^1.0.2"
  
  "camelcase@^1.0.2":
    "integrity" "sha1-m7UwTS4LVmmLLHWLCKPqqdqlijk="
    "resolved" "https://mirrors.cloud.tencent.com/npm/camelcase/-/camelcase-1.2.1.tgz"
    "version" "1.2.1"
  
  "center-align@^0.1.1":
    "integrity" "sha1-qg0yYptu6XIgBBHL1EYckHvCt60="
    "resolved" "https://mirrors.cloud.tencent.com/npm/center-align/-/center-align-0.1.3.tgz"
    "version" "0.1.3"
    dependencies:
      "align-text" "^0.1.3"
      "lazy-cache" "^1.0.3"
  
  "character-parser@1.2.1":
    "integrity" "sha1-wN3kqxgnE7kZuXCVmhI+zBow/NY="
    "resolved" "https://mirrors.cloud.tencent.com/npm/character-parser/-/character-parser-1.2.1.tgz"
    "version" "1.2.1"
  
  "chokidar@^3.5.2":
    "integrity" "sha512-Dr3sfKRP6oTcjf2JmUmFJfeVMvXBdegxB0iVQ5eb2V10uFJUCAS8OByZdVAyVb8xXNz3GjjTgj9kLWsZTqE6kw=="
    "resolved" "https://mirrors.cloud.tencent.com/npm/chokidar/-/chokidar-3.5.3.tgz"
    "version" "3.5.3"
    dependencies:
      "anymatch" "~3.1.2"
      "braces" "~3.0.2"
      "glob-parent" "~5.1.2"
      "is-binary-path" "~2.1.0"
      "is-glob" "~4.0.1"
      "normalize-path" "~3.0.0"
      "readdirp" "~3.6.0"
    optionalDependencies:
      "fsevents" "~2.3.2"
  
  "clean-css@^3.1.9":
    "integrity" "sha1-vxlF6C/ICPVWlebd6uwBQA79A/8="
    "resolved" "https://mirrors.cloud.tencent.com/npm/clean-css/-/clean-css-3.4.28.tgz"
    "version" "3.4.28"
    dependencies:
      "commander" "2.8.x"
      "source-map" "0.4.x"
  
  "cliui@^2.1.0":
    "integrity" "sha1-S0dXYP+AJkx2LDoXGQMukcf+oNE="
    "resolved" "https://mirrors.cloud.tencent.com/npm/cliui/-/cliui-2.1.0.tgz"
    "version" "2.1.0"
    dependencies:
      "center-align" "^0.1.1"
      "right-align" "^0.1.1"
      "wordwrap" "0.0.2"
  
  "commander@~2.6.0":
    "integrity" "sha1-nfflL7Kgyw+4kFjugMMQQiXzfh0="
    "resolved" "https://mirrors.cloud.tencent.com/npm/commander/-/commander-2.6.0.tgz"
    "version" "2.6.0"
  
  "commander@2.8.x":
    "integrity" "sha1-Br42f+v9oMMwqh4qBy09yXYkJdQ="
    "resolved" "https://mirrors.cloud.tencent.com/npm/commander/-/commander-2.8.1.tgz"
    "version" "2.8.1"
    dependencies:
      "graceful-readlink" ">= 1.0.0"
  
  "concat-map@0.0.1":
    "integrity" "sha1-2Klr13/Wjfd5OnMDajug1UBdR3s="
    "resolved" "https://mirrors.cloud.tencent.com/npm/concat-map/-/concat-map-0.0.1.tgz"
    "version" "0.0.1"
  
  "constantinople@~3.0.1":
    "integrity" "sha1-S5RdmTeQe82Y7ldRIsOBdRZUQUE="
    "resolved" "https://mirrors.cloud.tencent.com/npm/constantinople/-/constantinople-3.0.2.tgz"
    "version" "3.0.2"
    dependencies:
      "acorn" "^2.1.0"
  
  "content-disposition@0.5.2":
    "integrity" "sha1-DPaLud318r55YcOoUXjLhdunjLQ="
    "resolved" "https://mirrors.cloud.tencent.com/npm/content-disposition/-/content-disposition-0.5.2.tgz"
    "version" "0.5.2"
  
  "content-type@~1.0.4", "content-type@~1.0.5":
    "integrity" "sha512-nTjqfcBFEipKdXCv4YDQWCfmcLZKm81ldF0pAopTvyrFGVbcR6P/VAAd5G7N+0tTr8QqiU0tFadD6FK4NtJwOA=="
    "resolved" "https://mirrors.cloud.tencent.com/npm/content-type/-/content-type-1.0.5.tgz"
    "version" "1.0.5"
  
  "cookie-parser@~1.4.4":
    "integrity" "sha512-z3IzaNjdwUC2olLIB5/ITd0/setiaFMLYiZJle7xg5Fe9KWAceil7xszYfHHBtDFYLSgJduS2Ty0P1uJdPDJeA=="
    "resolved" "https://mirrors.cloud.tencent.com/npm/cookie-parser/-/cookie-parser-1.4.6.tgz"
    "version" "1.4.6"
    dependencies:
      "cookie" "0.4.1"
      "cookie-signature" "1.0.6"
  
  "cookie-signature@1.0.6":
    "integrity" "sha1-4wOogrNCzD7oylE6eZmXNNqzriw="
    "resolved" "https://mirrors.cloud.tencent.com/npm/cookie-signature/-/cookie-signature-1.0.6.tgz"
    "version" "1.0.6"
  
  "cookie@0.3.1":
    "integrity" "sha1-5+Ch+e9DtMi6klxcWpboBtFoc7s="
    "resolved" "https://mirrors.cloud.tencent.com/npm/cookie/-/cookie-0.3.1.tgz"
    "version" "0.3.1"
  
  "cookie@0.4.1":
    "integrity" "sha512-ZwrFkGJxUR3EIoXtO+yVE69Eb7KlixbaeAWfBQB9vVsNn/o+Yw69gBWSSDK825hQNdN+wF8zELf3dFNl/kxkUA=="
    "resolved" "https://mirrors.cloud.tencent.com/npm/cookie/-/cookie-0.4.1.tgz"
    "version" "0.4.1"
  
  "css-parse@1.0.4":
    "integrity" "sha1-OLBQP7+dqfVOnB29pg4UXHcRe90="
    "resolved" "https://mirrors.cloud.tencent.com/npm/css-parse/-/css-parse-1.0.4.tgz"
    "version" "1.0.4"
  
  "css-stringify@1.0.5":
    "integrity" "sha1-sNBClG2ylTu50pKQCmy19tASIDE="
    "resolved" "https://mirrors.cloud.tencent.com/npm/css-stringify/-/css-stringify-1.0.5.tgz"
    "version" "1.0.5"
  
  "css@~1.0.8":
    "integrity" "sha1-k4aBHKgrzMnuf7WnMrHioxfIo+c="
    "resolved" "https://mirrors.cloud.tencent.com/npm/css/-/css-1.0.8.tgz"
    "version" "1.0.8"
    dependencies:
      "css-parse" "1.0.4"
      "css-stringify" "1.0.5"
  
  "debug@^3.2.7":
    "integrity" "sha512-CFjzYYAi4ThfiQvizrFQevTTXHtnCqWfe7x1AhgEscTz6ZbLbfoLRLPugTQyBth6f8ZERVUSyWHFD/7Wu4t1XQ=="
    "resolved" "https://mirrors.cloud.tencent.com/npm/debug/-/debug-3.2.7.tgz"
    "version" "3.2.7"
    dependencies:
      "ms" "^2.1.1"
  
  "debug@~2.6.9", "debug@2.6.9":
    "integrity" "sha512-bC7ElrdJaJnPbAP+1EotYvqZsb3ecl5wi6Bfi6BJTUcNowp6cvspg0jXznRTKDjm/E7AdgFBVeAPVMNcKGsHMA=="
    "resolved" "https://mirrors.cloud.tencent.com/npm/debug/-/debug-2.6.9.tgz"
    "version" "2.6.9"
    dependencies:
      "ms" "2.0.0"
  
  "decamelize@^1.0.0":
    "integrity" "sha1-9lNNFRSCabIDUue+4m9QH5oZEpA="
    "resolved" "https://mirrors.cloud.tencent.com/npm/decamelize/-/decamelize-1.2.0.tgz"
    "version" "1.2.0"
  
  "depd@~1.1.2":
    "integrity" "sha512-7emPTl6Dpo6JRXOXjLRxck+FlLRX5847cLKEn00PLAgc3g2hTZZgr+e4c2v6QpSmLeFP3n5yUo7ft6avBK/5jQ=="
    "resolved" "https://mirrors.cloud.tencent.com/npm/depd/-/depd-1.1.2.tgz"
    "version" "1.1.2"
  
  "depd@2.0.0":
    "integrity" "sha512-g7nH6P6dyDioJogAAGprGpCtVImJhpPk/roCzdb3fIh61/s/nPsfR6onyMwkCAR/OlC3yBC0lESvUoQEAssIrw=="
    "resolved" "https://mirrors.cloud.tencent.com/npm/depd/-/depd-2.0.0.tgz"
    "version" "2.0.0"
  
  "destroy@~1.0.4":
    "integrity" "sha1-l4hXRCxEdJ5CBmE+N5RiBYJqvYA="
    "resolved" "https://mirrors.cloud.tencent.com/npm/destroy/-/destroy-1.0.4.tgz"
    "version" "1.0.4"
  
  "destroy@1.2.0":
    "integrity" "sha512-2sJGJTaXIIaR1w4iJSNoN0hnMY7Gpc/n8D4qSCJw8QqFWXf7cuAgnEHxBpweaVcPevC2l3KpjYCx3NypQQgaJg=="
    "resolved" "https://mirrors.cloud.tencent.com/npm/destroy/-/destroy-1.2.0.tgz"
    "version" "1.2.0"
  
  "ee-first@1.1.1":
    "integrity" "sha1-WQxhFWsK4vTwJVcyoViyZrxWsh0="
    "resolved" "https://mirrors.cloud.tencent.com/npm/ee-first/-/ee-first-1.1.1.tgz"
    "version" "1.1.1"
  
  "encodeurl@~1.0.2":
    "integrity" "sha1-rT/0yG7C0CkyL1oCw6mmBslbP1k="
    "resolved" "https://mirrors.cloud.tencent.com/npm/encodeurl/-/encodeurl-1.0.2.tgz"
    "version" "1.0.2"
  
  "escape-html@~1.0.3":
    "integrity" "sha1-Aljq5NPQwJdN4cFpGI7wBR0dGYg="
    "resolved" "https://mirrors.cloud.tencent.com/npm/escape-html/-/escape-html-1.0.3.tgz"
    "version" "1.0.3"
  
  "etag@~1.8.1":
    "integrity" "sha1-Qa4u62XvpiJorr/qg6x9eSmbCIc="
    "resolved" "https://mirrors.cloud.tencent.com/npm/etag/-/etag-1.8.1.tgz"
    "version" "1.8.1"
  
  "express@~4.16.1":
    "integrity" "sha512-j12Uuyb4FMrd/qQAm6uCHAkPtO8FDTRJZBDd5D2KOL2eLaz1yUNdUB/NOIyq0iU4q4cFarsUCrnFDPBcnksuOg=="
    "resolved" "https://mirrors.cloud.tencent.com/npm/express/-/express-4.16.4.tgz"
    "version" "4.16.4"
    dependencies:
      "accepts" "~1.3.5"
      "array-flatten" "1.1.1"
      "body-parser" "1.18.3"
      "content-disposition" "0.5.2"
      "content-type" "~1.0.4"
      "cookie" "0.3.1"
      "cookie-signature" "1.0.6"
      "debug" "2.6.9"
      "depd" "~1.1.2"
      "encodeurl" "~1.0.2"
      "escape-html" "~1.0.3"
      "etag" "~1.8.1"
      "finalhandler" "1.1.1"
      "fresh" "0.5.2"
      "merge-descriptors" "1.0.1"
      "methods" "~1.1.2"
      "on-finished" "~2.3.0"
      "parseurl" "~1.3.2"
      "path-to-regexp" "0.1.7"
      "proxy-addr" "~2.0.4"
      "qs" "6.5.2"
      "range-parser" "~1.2.0"
      "safe-buffer" "5.1.2"
      "send" "0.16.2"
      "serve-static" "1.13.2"
      "setprototypeof" "1.1.0"
      "statuses" "~1.4.0"
      "type-is" "~1.6.16"
      "utils-merge" "1.0.1"
      "vary" "~1.1.2"
  
  "fill-range@^7.0.1":
    "integrity" "sha512-qOo9F+dMUmC2Lcb4BbVvnKJxTPjCm+RRpe4gDuGrzkL7mEVl/djYSu2OdQ2Pa302N4oqkSg9ir6jaLWJ2USVpQ=="
    "resolved" "https://mirrors.cloud.tencent.com/npm/fill-range/-/fill-range-7.0.1.tgz"
    "version" "7.0.1"
    dependencies:
      "to-regex-range" "^5.0.1"
  
  "finalhandler@1.1.1":
    "integrity" "sha512-Y1GUDo39ez4aHAw7MysnUD5JzYX+WaIj8I57kO3aEPT1fFRL4sr7mjei97FgnwhAyyzRYmQZaTHb2+9uZ1dPtg=="
    "resolved" "https://mirrors.cloud.tencent.com/npm/finalhandler/-/finalhandler-1.1.1.tgz"
    "version" "1.1.1"
    dependencies:
      "debug" "2.6.9"
      "encodeurl" "~1.0.2"
      "escape-html" "~1.0.3"
      "on-finished" "~2.3.0"
      "parseurl" "~1.3.2"
      "statuses" "~1.4.0"
      "unpipe" "~1.0.0"
  
  "forwarded@0.2.0":
    "integrity" "sha512-buRG0fpBtRHSTCOASe6hD258tEubFoRLb4ZNA6NxMVHNw2gOcwHo9wyablzMzOA5z9xA9L1KNjk/Nt6MT9aYow=="
    "resolved" "https://mirrors.cloud.tencent.com/npm/forwarded/-/forwarded-0.2.0.tgz"
    "version" "0.2.0"
  
  "fresh@0.5.2":
    "integrity" "sha1-PYyt2Q2XZWn6g1qx+OSyOhBWBac="
    "resolved" "https://mirrors.cloud.tencent.com/npm/fresh/-/fresh-0.5.2.tgz"
    "version" "0.5.2"
  
  "function-bind@^1.1.1":
    "integrity" "sha512-yIovAzMX49sF8Yl58fSCWJ5svSLuaibPxXQJFLmBObTuCr0Mf1KiPopGM9NiFjiYBCbfaa2Fh6breQ6ANVTI0A=="
    "resolved" "https://mirrors.cloud.tencent.com/npm/function-bind/-/function-bind-1.1.1.tgz"
    "version" "1.1.1"
  
  "get-intrinsic@^1.0.2":
    "integrity" "sha512-2DcsyfABl+gVHEfCOaTrWgyt+tb6MSEGmKq+kI5HwLbIYgjgmMcV8KQ41uaKz1xxUcn9tJtgFbQUEVcEbd0FYw=="
    "resolved" "https://mirrors.cloud.tencent.com/npm/get-intrinsic/-/get-intrinsic-1.2.1.tgz"
    "version" "1.2.1"
    dependencies:
      "function-bind" "^1.1.1"
      "has" "^1.0.3"
      "has-proto" "^1.0.1"
      "has-symbols" "^1.0.3"
  
  "glob-parent@~5.1.2":
    "integrity" "sha512-AOIgSQCepiJYwP3ARnGx+5VnTu2HBYdzbGP45eLw1vr3zB3vZLeyed1sC9hnbcOc9/SrMyM5RPQrkGz4aS9Zow=="
    "resolved" "https://mirrors.cloud.tencent.com/npm/glob-parent/-/glob-parent-5.1.2.tgz"
    "version" "5.1.2"
    dependencies:
      "is-glob" "^4.0.1"
  
  "graceful-readlink@>= 1.0.0":
    "integrity" "sha1-TK+tdrxi8C+gObL5Tpo906ORpyU="
    "resolved" "https://mirrors.cloud.tencent.com/npm/graceful-readlink/-/graceful-readlink-1.0.1.tgz"
    "version" "1.0.1"
  
  "has-flag@^3.0.0":
    "integrity" "sha1-tdRU3CGZriJWmfNGfloH87lVuv0="
    "resolved" "https://mirrors.cloud.tencent.com/npm/has-flag/-/has-flag-3.0.0.tgz"
    "version" "3.0.0"
  
  "has-proto@^1.0.1":
    "integrity" "sha512-7qE+iP+O+bgF9clE5+UoBFzE65mlBiVj3tKCrlNQ0Ogwm0BjpT/gK4SlLYDMybDh5I3TCTKnPPa0oMG7JDYrhg=="
    "resolved" "https://mirrors.cloud.tencent.com/npm/has-proto/-/has-proto-1.0.1.tgz"
    "version" "1.0.1"
  
  "has-symbols@^1.0.3":
    "integrity" "sha512-l3LCuF6MgDNwTDKkdYGEihYjt5pRPbEg46rtlmnSPlUbgmB8LOIrKJbYYFBSbnPaJexMKtiPO8hmeRjRz2Td+A=="
    "resolved" "https://mirrors.cloud.tencent.com/npm/has-symbols/-/has-symbols-1.0.3.tgz"
    "version" "1.0.3"
  
  "has@^1.0.3":
    "integrity" "sha512-f2dvO0VU6Oej7RkWJGrehjbzMAjFp5/VKPp5tTpWIV4JHHZK1/BxbFRtf/siA2SWTe09caDmVtYYzWEIbBS4zw=="
    "resolved" "https://mirrors.cloud.tencent.com/npm/has/-/has-1.0.3.tgz"
    "version" "1.0.3"
    dependencies:
      "function-bind" "^1.1.1"
  
  "http-errors@~1.6.2", "http-errors@~1.6.3", "http-errors@1.6.3":
    "integrity" "sha1-i1VoC7S+KDoLW/TqLjhYC+HZMg0="
    "resolved" "https://mirrors.cloud.tencent.com/npm/http-errors/-/http-errors-1.6.3.tgz"
    "version" "1.6.3"
    dependencies:
      "depd" "~1.1.2"
      "inherits" "2.0.3"
      "setprototypeof" "1.1.0"
      "statuses" ">= 1.4.0 < 2"
  
  "http-errors@2.0.0":
    "integrity" "sha512-FtwrG/euBzaEjYeRqOgly7G0qviiXoJWnvEH2Z1plBdXgbyjv34pHTSb9zoeHMyDy33+DWy5Wt9Wo+TURtOYSQ=="
    "resolved" "https://mirrors.cloud.tencent.com/npm/http-errors/-/http-errors-2.0.0.tgz"
    "version" "2.0.0"
    dependencies:
      "depd" "2.0.0"
      "inherits" "2.0.4"
      "setprototypeof" "1.2.0"
      "statuses" "2.0.1"
      "toidentifier" "1.0.1"
  
  "iconv-lite@0.4.23":
    "integrity" "sha512-neyTUVFtahjf0mB3dZT77u+8O0QB89jFdnBkd5P1JgYPbPaia3gXXOVL2fq8VyU2gMMD7SaN7QukTB/pmXYvDA=="
    "resolved" "https://mirrors.cloud.tencent.com/npm/iconv-lite/-/iconv-lite-0.4.23.tgz"
    "version" "0.4.23"
    dependencies:
      "safer-buffer" ">= 2.1.2 < 3"
  
  "iconv-lite@0.4.24":
    "integrity" "sha512-v3MXnZAcvnywkTUEZomIActle7RXXeedOR31wwl7VlyoXO4Qi9arvSenNQWne1TcRwhCL1HwLI21bEqdpj8/rA=="
    "resolved" "https://mirrors.cloud.tencent.com/npm/iconv-lite/-/iconv-lite-0.4.24.tgz"
    "version" "0.4.24"
    dependencies:
      "safer-buffer" ">= 2.1.2 < 3"
  
  "ignore-by-default@^1.0.1":
    "integrity" "sha1-SMptcvbGo68Aqa1K5odr44ieKwk="
    "resolved" "https://mirrors.cloud.tencent.com/npm/ignore-by-default/-/ignore-by-default-1.0.1.tgz"
    "version" "1.0.1"
  
  "inherits@2.0.3":
    "integrity" "sha512-x00IRNXNy63jwGkJmzPigoySHbaqpNuzKbBOmzK+g2OdZpQ9w+sxCN+VSB3ja7IAge2OP2qpfxTjeNcyjmW1uw=="
    "resolved" "https://mirrors.cloud.tencent.com/npm/inherits/-/inherits-2.0.3.tgz"
    "version" "2.0.3"
  
  "inherits@2.0.4":
    "integrity" "sha512-k/vGaX4/Yla3WzyMCvTQOXYeIHvqOKtnqBduzTHpzpQZzAskKMhZ2K+EnBiSM9zGSoIFeMpXKxa4dYeZIQqewQ=="
    "resolved" "https://mirrors.cloud.tencent.com/npm/inherits/-/inherits-2.0.4.tgz"
    "version" "2.0.4"
  
  "ipaddr.js@1.9.1":
    "integrity" "sha512-0KI/607xoxSToH7GjN1FfSbLoU0+btTicjsQSWQlh/hZykN8KpmMf7uYwPW3R+akZ6R/w18ZlXSHBYXiYUPO3g=="
    "resolved" "https://mirrors.cloud.tencent.com/npm/ipaddr.js/-/ipaddr.js-1.9.1.tgz"
    "version" "1.9.1"
  
  "is-binary-path@~2.1.0":
    "integrity" "sha512-ZMERYes6pDydyuGidse7OsHxtbI7WVeUEozgR/g7rd0xUimYNlvZRE/K2MgZTjWy725IfelLeVcEM97mmtRGXw=="
    "resolved" "https://mirrors.cloud.tencent.com/npm/is-binary-path/-/is-binary-path-2.1.0.tgz"
    "version" "2.1.0"
    dependencies:
      "binary-extensions" "^2.0.0"
  
  "is-buffer@^1.1.5":
    "integrity" "sha512-NcdALwpXkTm5Zvvbk7owOUSvVvBKDgKP5/ewfXEznmQFfs4ZRmanOeKBTjRVjka3QFoN6XJ+9F3USqfHqTaU5w=="
    "resolved" "https://mirrors.cloud.tencent.com/npm/is-buffer/-/is-buffer-1.1.6.tgz"
    "version" "1.1.6"
  
  "is-extglob@^2.1.1":
    "integrity" "sha1-qIwCU1eR8C7TfHahueqXc8gz+MI="
    "resolved" "https://mirrors.cloud.tencent.com/npm/is-extglob/-/is-extglob-2.1.1.tgz"
    "version" "2.1.1"
  
  "is-glob@^4.0.1", "is-glob@~4.0.1":
    "integrity" "sha512-xelSayHH36ZgE7ZWhli7pW34hNbNl8Ojv5KVmkJD4hBdD3th8Tfk9vYasLM+mXWOZhFkgZfxhLSnrwRr4elSSg=="
    "resolved" "https://mirrors.cloud.tencent.com/npm/is-glob/-/is-glob-4.0.3.tgz"
    "version" "4.0.3"
    dependencies:
      "is-extglob" "^2.1.1"
  
  "is-number@^7.0.0":
    "integrity" "sha512-41Cifkg6e8TylSpdtTpeLVMqvSBEVzTttHvERD741+pnZ8ANv0004MRL43QKPDlK9cGvNp6NZWZUBlbGXYxxng=="
    "resolved" "https://mirrors.cloud.tencent.com/npm/is-number/-/is-number-7.0.0.tgz"
    "version" "7.0.0"
  
  "is-promise@^2.0.0":
    "integrity" "sha512-+lP4/6lKUBfQjZ2pdxThZvLUAafmZb8OAxFb8XXtiQmS35INgr85hdOGoEs124ez1FCnZJt6jau/T+alh58QFQ=="
    "resolved" "https://mirrors.cloud.tencent.com/npm/is-promise/-/is-promise-2.2.2.tgz"
    "version" "2.2.2"
  
  "is-promise@~1":
    "integrity" "sha1-MVc3YcBX4zwukaq56W2gjO++duU="
    "resolved" "https://mirrors.cloud.tencent.com/npm/is-promise/-/is-promise-1.0.1.tgz"
    "version" "1.0.1"
  
  "jade@~1.11.0":
    "integrity" "sha1-nIDlOMEtP7lcjZu5VZ+gzAQEBf0="
    "resolved" "https://mirrors.cloud.tencent.com/npm/jade/-/jade-1.11.0.tgz"
    "version" "1.11.0"
    dependencies:
      "character-parser" "1.2.1"
      "clean-css" "^3.1.9"
      "commander" "~2.6.0"
      "constantinople" "~3.0.1"
      "jstransformer" "0.0.2"
      "mkdirp" "~0.5.0"
      "transformers" "2.1.0"
      "uglify-js" "^2.4.19"
      "void-elements" "~2.0.1"
      "with" "~4.0.0"
  
  "jstransformer@0.0.2":
    "integrity" "sha1-eq4pqQPRls+glz2IXT5HlH7Ndqs="
    "resolved" "https://mirrors.cloud.tencent.com/npm/jstransformer/-/jstransformer-0.0.2.tgz"
    "version" "0.0.2"
    dependencies:
      "is-promise" "^2.0.0"
      "promise" "^6.0.1"
  
  "kind-of@^3.0.2":
    "integrity" "sha1-MeohpzS6ubuw8yRm2JOupR5KPGQ="
    "resolved" "https://mirrors.cloud.tencent.com/npm/kind-of/-/kind-of-3.2.2.tgz"
    "version" "3.2.2"
    dependencies:
      "is-buffer" "^1.1.5"
  
  "lazy-cache@^1.0.3":
    "integrity" "sha1-odePw6UEdMuAhF07O24dpJpEbo4="
    "resolved" "https://mirrors.cloud.tencent.com/npm/lazy-cache/-/lazy-cache-1.0.4.tgz"
    "version" "1.0.4"
  
  "longest@^1.0.1":
    "integrity" "sha1-MKCy2jj3N3DoKUoNIuZiXtd9AJc="
    "resolved" "https://mirrors.cloud.tencent.com/npm/longest/-/longest-1.0.1.tgz"
    "version" "1.0.1"
  
  "lru-cache@^6.0.0":
    "integrity" "sha512-Jo6dJ04CmSjuznwJSS3pUeWmd/H0ffTlkXXgwZi+eq1UCmqQwCh+eLsYOYCwY991i2Fah4h1BEMCx4qThGbsiA=="
    "resolved" "https://mirrors.cloud.tencent.com/npm/lru-cache/-/lru-cache-6.0.0.tgz"
    "version" "6.0.0"
    dependencies:
      "yallist" "^4.0.0"
  
  "media-typer@0.3.0":
    "integrity" "sha1-hxDXrwqmJvj/+hzgAWhUUmMlV0g="
    "resolved" "https://mirrors.cloud.tencent.com/npm/media-typer/-/media-typer-0.3.0.tgz"
    "version" "0.3.0"
  
  "merge-descriptors@1.0.1":
    "integrity" "sha1-sAqqVW3YtEVoFQ7J0blT8/kMu2E="
    "resolved" "https://mirrors.cloud.tencent.com/npm/merge-descriptors/-/merge-descriptors-1.0.1.tgz"
    "version" "1.0.1"
  
  "methods@~1.1.2":
    "integrity" "sha1-VSmk1nZUE07cxSZmVoNbD4Ua/O4="
    "resolved" "https://mirrors.cloud.tencent.com/npm/methods/-/methods-1.1.2.tgz"
    "version" "1.1.2"
  
  "mime-db@1.52.0":
    "integrity" "sha512-sPU4uV7dYlvtWJxwwxHD0PuihVNiE7TyAbQ5SWxDCB9mUYvOgroQOwYQQOKPJ8CIbE+1ETVlOoK1UC2nU3gYvg=="
    "resolved" "https://mirrors.cloud.tencent.com/npm/mime-db/-/mime-db-1.52.0.tgz"
    "version" "1.52.0"
  
  "mime-types@~2.1.24", "mime-types@~2.1.34":
    "integrity" "sha512-ZDY+bPm5zTTF+YpCrAU9nK0UgICYPT0QtT1NZWFv4s++TNkcgVaT0g6+4R2uI4MjQjzysHB1zxuWL50hzaeXiw=="
    "resolved" "https://mirrors.cloud.tencent.com/npm/mime-types/-/mime-types-2.1.35.tgz"
    "version" "2.1.35"
    dependencies:
      "mime-db" "1.52.0"
  
  "mime@1.4.1":
    "integrity" "sha512-KI1+qOZu5DcW6wayYHSzR/tXKCDC5Om4s1z2QJjDULzLcmf3DvzS7oluY4HCTrc+9FiKmWUgeNLg7W3uIQvxtQ=="
    "resolved" "https://mirrors.cloud.tencent.com/npm/mime/-/mime-1.4.1.tgz"
    "version" "1.4.1"
  
  "minimatch@^3.1.2":
    "integrity" "sha512-J7p63hRiAjw1NDEww1W7i37+ByIrOWO5XQQAzZ3VOcL0PNybwpfmV/N05zFAzwQ9USyEcX6t3UO+K5aqBQOIHw=="
    "resolved" "https://mirrors.cloud.tencent.com/npm/minimatch/-/minimatch-3.1.2.tgz"
    "version" "3.1.2"
    dependencies:
      "brace-expansion" "^1.1.7"
  
  "minimist@^1.2.6":
    "integrity" "sha512-2yyAR8qBkN3YuheJanUpWC5U3bb5osDywNB8RzDVlDwDHbocAJveqqj1u8+SVD7jkWT4yvsHCpWqqWqAxb0zCA=="
    "resolved" "https://mirrors.cloud.tencent.com/npm/minimist/-/minimist-1.2.8.tgz"
    "version" "1.2.8"
  
  "mkdirp@~0.5.0":
    "integrity" "sha512-FP+p8RB8OWpF3YZBCrP5gtADmtXApB5AMLn+vdyA+PyxCjrCs00mjyUozssO33cwDeT3wNGdLxJ5M//YqtHAJw=="
    "resolved" "https://mirrors.cloud.tencent.com/npm/mkdirp/-/mkdirp-0.5.6.tgz"
    "version" "0.5.6"
    dependencies:
      "minimist" "^1.2.6"
  
  "morgan@~1.9.1":
    "integrity" "sha512-HQStPIV4y3afTiCYVxirakhlCfGkI161c76kKFca7Fk1JusM//Qeo1ej2XaMniiNeaZklMVrh3vTtIzpzwbpmA=="
    "resolved" "https://mirrors.cloud.tencent.com/npm/morgan/-/morgan-1.9.1.tgz"
    "version" "1.9.1"
    dependencies:
      "basic-auth" "~2.0.0"
      "debug" "2.6.9"
      "depd" "~1.1.2"
      "on-finished" "~2.3.0"
      "on-headers" "~1.0.1"
  
  "ms@^2.1.1":
    "integrity" "sha512-6FlzubTLZG3J2a/NVCAleEhjzq5oxgHyaCU9yYXvcLsvoVaHJq/s5xXI6/XXP6tz7R9xAOtHnSO/tXtF3WRTlA=="
    "resolved" "https://mirrors.cloud.tencent.com/npm/ms/-/ms-2.1.3.tgz"
    "version" "2.1.3"
  
  "ms@2.0.0":
    "integrity" "sha1-VgiurfwAvmwpAd9fmGF4jeDVl8g="
    "resolved" "https://mirrors.cloud.tencent.com/npm/ms/-/ms-2.0.0.tgz"
    "version" "2.0.0"
  
  "negotiator@0.6.3":
    "integrity" "sha512-+EUsqGPLsM+j/zdChZjsnX51g4XrHFOIXwfnCVPGlQk/k5giakcKsuxCObBRu6DSm9opw/O6slWbJdghQM4bBg=="
    "resolved" "https://mirrors.cloud.tencent.com/npm/negotiator/-/negotiator-0.6.3.tgz"
    "version" "0.6.3"
  
  "nodemon@^3.0.1":
    "integrity" "sha512-g9AZ7HmkhQkqXkRc20w+ZfQ73cHLbE8hnPbtaFbFtCumZsjyMhKk9LajQ07U5Ux28lvFjZ5X7HvWR1xzU8jHVw=="
    "resolved" "https://registry.npmmirror.com/nodemon/-/nodemon-3.0.1.tgz"
    "version" "3.0.1"
    dependencies:
      "chokidar" "^3.5.2"
      "debug" "^3.2.7"
      "ignore-by-default" "^1.0.1"
      "minimatch" "^3.1.2"
      "pstree.remy" "^1.1.8"
      "semver" "^7.5.3"
      "simple-update-notifier" "^2.0.0"
      "supports-color" "^5.5.0"
      "touch" "^3.1.0"
      "undefsafe" "^2.0.5"
  
  "nopt@~1.0.10":
    "integrity" "sha1-bd0hvSoxQXuScn3Vhfim83YI6+4="
    "resolved" "https://mirrors.cloud.tencent.com/npm/nopt/-/nopt-1.0.10.tgz"
    "version" "1.0.10"
    dependencies:
      "abbrev" "1"
  
  "normalize-path@^3.0.0", "normalize-path@~3.0.0":
    "integrity" "sha512-6eZs5Ls3WtCisHWp9S2GUy8dqkpGi4BVSz3GaqiE6ezub0512ESztXUwUB6C6IKbQkY2Pnb/mD4WYojCRwcwLA=="
    "resolved" "https://mirrors.cloud.tencent.com/npm/normalize-path/-/normalize-path-3.0.0.tgz"
    "version" "3.0.0"
  
  "object-inspect@^1.9.0":
    "integrity" "sha512-geUvdk7c+eizMNUDkRpW1wJwgfOiOeHbxBR/hLXK1aT6zmVSO0jsQcs7fj6MGw89jC/cjGfLcNOrtMYtGqm81g=="
    "resolved" "https://mirrors.cloud.tencent.com/npm/object-inspect/-/object-inspect-1.12.3.tgz"
    "version" "1.12.3"
  
  "on-finished@~2.3.0":
    "integrity" "sha1-IPEzZIGwg811M3mSoWlxqi2QaUc="
    "resolved" "https://mirrors.cloud.tencent.com/npm/on-finished/-/on-finished-2.3.0.tgz"
    "version" "2.3.0"
    dependencies:
      "ee-first" "1.1.1"
  
  "on-finished@2.4.1":
    "integrity" "sha512-oVlzkg3ENAhCk2zdv7IJwd/QUD4z2RxRwpkcGY8psCVcCYZNq4wYnVWALHM+brtuJjePWiYF/ClmuDr8Ch5+kg=="
    "resolved" "https://mirrors.cloud.tencent.com/npm/on-finished/-/on-finished-2.4.1.tgz"
    "version" "2.4.1"
    dependencies:
      "ee-first" "1.1.1"
  
  "on-headers@~1.0.1":
    "integrity" "sha512-pZAE+FJLoyITytdqK0U5s+FIpjN0JP3OzFi/u8Rx+EV5/W+JTWGXG8xFzevE7AjBfDqHv/8vL8qQsIhHnqRkrA=="
    "resolved" "https://mirrors.cloud.tencent.com/npm/on-headers/-/on-headers-1.0.2.tgz"
    "version" "1.0.2"
  
  "optimist@~0.3.5":
    "integrity" "sha1-yQlBrVnkJzMokjB00s8ufLxuwNk="
    "resolved" "https://mirrors.cloud.tencent.com/npm/optimist/-/optimist-0.3.7.tgz"
    "version" "0.3.7"
    dependencies:
      "wordwrap" "~0.0.2"
  
  "parseurl@~1.3.2":
    "integrity" "sha512-CiyeOxFT/JZyN5m0z9PfXw4SCBJ6Sygz1Dpl0wqjlhDEGGBP1GnsUVEL0p63hoG1fcj3fHynXi9NYO4nWOL+qQ=="
    "resolved" "https://mirrors.cloud.tencent.com/npm/parseurl/-/parseurl-1.3.3.tgz"
    "version" "1.3.3"
  
  "path-to-regexp@0.1.7":
    "integrity" "sha1-32BBeABfUi8V60SQ5yR6G/qmf4w="
    "resolved" "https://mirrors.cloud.tencent.com/npm/path-to-regexp/-/path-to-regexp-0.1.7.tgz"
    "version" "0.1.7"
  
  "picomatch@^2.0.4", "picomatch@^2.2.1":
    "integrity" "sha512-JU3teHTNjmE2VCGFzuY8EXzCDVwEqB2a8fsIvwaStHhAWJEeVd1o1QD80CU6+ZdEXXSLbSsuLwJjkCBWqRQUVA=="
    "resolved" "https://mirrors.cloud.tencent.com/npm/picomatch/-/picomatch-2.3.1.tgz"
    "version" "2.3.1"
  
  "promise@^6.0.1":
    "integrity" "sha1-LOcp9rlLRcJoka0GAsXJDgTG7vY="
    "resolved" "https://mirrors.cloud.tencent.com/npm/promise/-/promise-6.1.0.tgz"
    "version" "6.1.0"
    dependencies:
      "asap" "~1.0.0"
  
  "promise@~2.0":
    "integrity" "sha1-RmSKqdYFr10ucMMCS/WUNtoCuA4="
    "resolved" "https://mirrors.cloud.tencent.com/npm/promise/-/promise-2.0.0.tgz"
    "version" "2.0.0"
    dependencies:
      "is-promise" "~1"
  
  "proxy-addr@~2.0.4":
    "integrity" "sha512-llQsMLSUDUPT44jdrU/O37qlnifitDP+ZwrmmZcoSKyLKvtZxpyV0n2/bD/N4tBAAZ/gJEdZU7KMraoK1+XYAg=="
    "resolved" "https://mirrors.cloud.tencent.com/npm/proxy-addr/-/proxy-addr-2.0.7.tgz"
    "version" "2.0.7"
    dependencies:
      "forwarded" "0.2.0"
      "ipaddr.js" "1.9.1"
  
  "pstree.remy@^1.1.8":
    "integrity" "sha512-77DZwxQmxKnu3aR542U+X8FypNzbfJ+C5XQDk3uWjWxn6151aIMGthWYRXTqT1E5oJvg+ljaa2OJi+VfvCOQ8w=="
    "resolved" "https://mirrors.cloud.tencent.com/npm/pstree.remy/-/pstree.remy-1.1.8.tgz"
    "version" "1.1.8"
  
  "qs@6.11.0":
    "integrity" "sha512-MvjoMCJwEarSbUYk5O+nmoSzSutSsTwF85zcHPQ9OrlFoZOYIjaqBAJIqIXjptyD5vThxGq52Xu/MaJzRkIk4Q=="
    "resolved" "https://mirrors.cloud.tencent.com/npm/qs/-/qs-6.11.0.tgz"
    "version" "6.11.0"
    dependencies:
      "side-channel" "^1.0.4"
  
  "qs@6.5.2":
    "integrity" "sha512-N5ZAX4/LxJmF+7wN74pUD6qAh9/wnvdQcjq9TZjevvXzSUo7bfmw91saqMjzGS2xq91/odN2dW/WOl7qQHNDGA=="
    "resolved" "https://mirrors.cloud.tencent.com/npm/qs/-/qs-6.5.2.tgz"
    "version" "6.5.2"
  
  "range-parser@~1.2.0":
    "integrity" "sha512-Hrgsx+orqoygnmhFbKaHE6c296J+HTAQXoxEF6gNupROmmGJRoyzfG3ccAveqCBrwr/2yxQ5BVd/GTl5agOwSg=="
    "resolved" "https://mirrors.cloud.tencent.com/npm/range-parser/-/range-parser-1.2.1.tgz"
    "version" "1.2.1"
  
  "raw-body@2.3.3":
    "integrity" "sha512-9esiElv1BrZoI3rCDuOuKCBRbuApGGaDPQfjSflGxdy4oyzqghxu6klEkkVIvBje+FF0BX9coEv8KqW6X/7njw=="
    "resolved" "https://mirrors.cloud.tencent.com/npm/raw-body/-/raw-body-2.3.3.tgz"
    "version" "2.3.3"
    dependencies:
      "bytes" "3.0.0"
      "http-errors" "1.6.3"
      "iconv-lite" "0.4.23"
      "unpipe" "1.0.0"
  
  "raw-body@2.5.2":
    "integrity" "sha512-8zGqypfENjCIqGhgXToC8aB2r7YrBX+AQAfIPs/Mlk+BtPTztOvTS01NRW/3Eh60J+a48lt8qsCzirQ6loCVfA=="
    "resolved" "https://mirrors.cloud.tencent.com/npm/raw-body/-/raw-body-2.5.2.tgz"
    "version" "2.5.2"
    dependencies:
      "bytes" "3.1.2"
      "http-errors" "2.0.0"
      "iconv-lite" "0.4.24"
      "unpipe" "1.0.0"
  
  "readdirp@~3.6.0":
    "integrity" "sha512-hOS089on8RduqdbhvQ5Z37A0ESjsqz6qnRcffsMU3495FuTdqSm+7bhJ29JvIOsBDEEnan5DPu9t3To9VRlMzA=="
    "resolved" "https://mirrors.cloud.tencent.com/npm/readdirp/-/readdirp-3.6.0.tgz"
    "version" "3.6.0"
    dependencies:
      "picomatch" "^2.2.1"
  
  "repeat-string@^1.5.2":
    "integrity" "sha1-jcrkcOHIirwtYA//Sndihtp15jc="
    "resolved" "https://mirrors.cloud.tencent.com/npm/repeat-string/-/repeat-string-1.6.1.tgz"
    "version" "1.6.1"
  
  "right-align@^0.1.1":
    "integrity" "sha1-YTObci/mo1FWiSENJOFMlhSGE+8="
    "resolved" "https://mirrors.cloud.tencent.com/npm/right-align/-/right-align-0.1.3.tgz"
    "version" "0.1.3"
    dependencies:
      "align-text" "^0.1.1"
  
  "safe-buffer@5.1.2":
    "integrity" "sha512-Gd2UZBJDkXlY7GbJxfsE8/nvKkUEU1G38c1siN6QP6a9PT9MmHB8GnpscSmMJSoF8LOIrt8ud/wPtojys4G6+g=="
    "resolved" "https://mirrors.cloud.tencent.com/npm/safe-buffer/-/safe-buffer-5.1.2.tgz"
    "version" "5.1.2"
  
  "safer-buffer@>= 2.1.2 < 3":
    "integrity" "sha512-YZo3K82SD7Riyi0E1EQPojLz7kpepnSQI9IyPbHHg1XXXevb5dJI7tpyN2ADxGcQbHG7vcyRHk0cbwqcQriUtg=="
    "resolved" "https://mirrors.cloud.tencent.com/npm/safer-buffer/-/safer-buffer-2.1.2.tgz"
    "version" "2.1.2"
  
  "semver@^7.5.3":
    "integrity" "sha512-1bCSESV6Pv+i21Hvpxp3Dx+pSD8lIPt8uVjRrxAUt/nbswYc+tK6Y2btiULjd4+fnq15PX+nqQDC7Oft7WkwcA=="
    "resolved" "https://mirrors.cloud.tencent.com/npm/semver/-/semver-7.5.4.tgz"
    "version" "7.5.4"
    dependencies:
      "lru-cache" "^6.0.0"
  
  "send@0.16.2":
    "integrity" "sha512-E64YFPUssFHEFBvpbbjr44NCLtI1AohxQ8ZSiJjQLskAdKuriYEP6VyGEsRDH8ScozGpkaX1BGvhanqCwkcEZw=="
    "resolved" "https://mirrors.cloud.tencent.com/npm/send/-/send-0.16.2.tgz"
    "version" "0.16.2"
    dependencies:
      "debug" "2.6.9"
      "depd" "~1.1.2"
      "destroy" "~1.0.4"
      "encodeurl" "~1.0.2"
      "escape-html" "~1.0.3"
      "etag" "~1.8.1"
      "fresh" "0.5.2"
      "http-errors" "~1.6.2"
      "mime" "1.4.1"
      "ms" "2.0.0"
      "on-finished" "~2.3.0"
      "range-parser" "~1.2.0"
      "statuses" "~1.4.0"
  
  "serve-static@1.13.2":
    "integrity" "sha512-p/tdJrO4U387R9oMjb1oj7qSMaMfmOyd4j9hOFoxZe2baQszgHcSWjuya/CiT5kgZZKRudHNOA0pYXOl8rQ5nw=="
    "resolved" "https://mirrors.cloud.tencent.com/npm/serve-static/-/serve-static-1.13.2.tgz"
    "version" "1.13.2"
    dependencies:
      "encodeurl" "~1.0.2"
      "escape-html" "~1.0.3"
      "parseurl" "~1.3.2"
      "send" "0.16.2"
  
  "setprototypeof@1.1.0":
    "integrity" "sha512-BvE/TwpZX4FXExxOxZyRGQQv651MSwmWKZGqvmPcRIjDqWub67kTKuIMx43cZZrS/cBBzwBcNDWoFxt2XEFIpQ=="
    "resolved" "https://mirrors.cloud.tencent.com/npm/setprototypeof/-/setprototypeof-1.1.0.tgz"
    "version" "1.1.0"
  
  "setprototypeof@1.2.0":
    "integrity" "sha512-E5LDX7Wrp85Kil5bhZv46j8jOeboKq5JMmYM3gVGdGH8xFpPWXUMsNrlODCrkoxMEeNi/XZIwuRvY4XNwYMJpw=="
    "resolved" "https://mirrors.cloud.tencent.com/npm/setprototypeof/-/setprototypeof-1.2.0.tgz"
    "version" "1.2.0"
  
  "side-channel@^1.0.4":
    "integrity" "sha512-q5XPytqFEIKHkGdiMIrY10mvLRvnQh42/+GoBlFW3b2LXLE2xxJpZFdm94we0BaoV3RwJyGqg5wS7epxTv0Zvw=="
    "resolved" "https://mirrors.cloud.tencent.com/npm/side-channel/-/side-channel-1.0.4.tgz"
    "version" "1.0.4"
    dependencies:
      "call-bind" "^1.0.0"
      "get-intrinsic" "^1.0.2"
      "object-inspect" "^1.9.0"
  
  "simple-update-notifier@^2.0.0":
    "integrity" "sha512-a2B9Y0KlNXl9u/vsW6sTIu9vGEpfKu2wRV6l1H3XEas/0gUIzGzBoP/IouTcUQbm9JWZLH3COxyn03TYlFax6w=="
    "resolved" "https://mirrors.cloud.tencent.com/npm/simple-update-notifier/-/simple-update-notifier-2.0.0.tgz"
    "version" "2.0.0"
    dependencies:
      "semver" "^7.5.3"
  
  "source-map@~0.1.7":
    "integrity" "sha1-wkvBRspRfBRx9drL4lcbK3+eM0Y="
    "resolved" "https://mirrors.cloud.tencent.com/npm/source-map/-/source-map-0.1.43.tgz"
    "version" "0.1.43"
    dependencies:
      "amdefine" ">=0.0.4"
  
  "source-map@~0.5.1":
    "integrity" "sha1-igOdLRAh0i0eoUyA2OpGi6LvP8w="
    "resolved" "https://mirrors.cloud.tencent.com/npm/source-map/-/source-map-0.5.7.tgz"
    "version" "0.5.7"
  
  "source-map@0.4.x":
    "integrity" "sha1-66T12pwNyZneaAMti092FzZSA2s="
    "resolved" "https://mirrors.cloud.tencent.com/npm/source-map/-/source-map-0.4.4.tgz"
    "version" "0.4.4"
    dependencies:
      "amdefine" ">=0.0.4"
  
  "statuses@>= 1.4.0 < 2":
    "integrity" "sha1-Fhx9rBd2Wf2YEfQ3cfqZOBR4Yow="
    "resolved" "https://mirrors.cloud.tencent.com/npm/statuses/-/statuses-1.5.0.tgz"
    "version" "1.5.0"
  
  "statuses@~1.4.0":
    "integrity" "sha512-zhSCtt8v2NDrRlPQpCNtw/heZLtfUDqxBM1udqikb/Hbk52LK4nQSwr10u77iopCW5LsyHpuXS0GnEc48mLeew=="
    "resolved" "https://mirrors.cloud.tencent.com/npm/statuses/-/statuses-1.4.0.tgz"
    "version" "1.4.0"
  
  "statuses@2.0.1":
    "integrity" "sha512-RwNA9Z/7PrK06rYLIzFMlaF+l73iwpzsqRIFgbMLbTcLD6cOao82TaWefPXQvB2fOC4AjuYSEndS7N/mTCbkdQ=="
    "resolved" "https://mirrors.cloud.tencent.com/npm/statuses/-/statuses-2.0.1.tgz"
    "version" "2.0.1"
  
  "supports-color@^5.5.0":
    "integrity" "sha512-QjVjwdXIt408MIiAqCX4oUKsgU2EqAGzs2Ppkm4aQYbjm+ZEWEcW4SfFNTr4uMNZma0ey4f5lgLrkB0aX0QMow=="
    "resolved" "https://mirrors.cloud.tencent.com/npm/supports-color/-/supports-color-5.5.0.tgz"
    "version" "5.5.0"
    dependencies:
      "has-flag" "^3.0.0"
  
  "to-regex-range@^5.0.1":
    "integrity" "sha512-65P7iz6X5yEr1cwcgvQxbbIw7Uk3gOy5dIdtZ4rDveLqhrdJP+Li/Hx6tyK0NEb+2GCyneCMJiGqrADCSNk8sQ=="
    "resolved" "https://mirrors.cloud.tencent.com/npm/to-regex-range/-/to-regex-range-5.0.1.tgz"
    "version" "5.0.1"
    dependencies:
      "is-number" "^7.0.0"
  
  "toidentifier@1.0.1":
    "integrity" "sha512-o5sSPKEkg/DIQNmH43V0/uerLrpzVedkUh8tGNvaeXpfpuwjKenlSox/2O/BTlZUtEe+JG7s5YhEz608PlAHRA=="
    "resolved" "https://mirrors.cloud.tencent.com/npm/toidentifier/-/toidentifier-1.0.1.tgz"
    "version" "1.0.1"
  
  "touch@^3.1.0":
    "integrity" "sha512-WBx8Uy5TLtOSRtIq+M03/sKDrXCLHxwDcquSP2c43Le03/9serjQBIztjRz6FkJez9D/hleyAXTBGLwwZUw9lA=="
    "resolved" "https://mirrors.cloud.tencent.com/npm/touch/-/touch-3.1.0.tgz"
    "version" "3.1.0"
    dependencies:
      "nopt" "~1.0.10"
  
  "transformers@2.1.0":
    "integrity" "sha1-XSPLNVYd2F3Gf7hIIwm0fVPM6ac="
    "resolved" "https://mirrors.cloud.tencent.com/npm/transformers/-/transformers-2.1.0.tgz"
    "version" "2.1.0"
    dependencies:
      "css" "~1.0.8"
      "promise" "~2.0"
      "uglify-js" "~2.2.5"
  
  "type-is@~1.6.16", "type-is@~1.6.18":
    "integrity" "sha512-TkRKr9sUTxEH8MdfuCSP7VizJyzRNMjj2J2do2Jr3Kym598JVdEksuzPQCnlFPW4ky9Q+iA+ma9BGm06XQBy8g=="
    "resolved" "https://mirrors.cloud.tencent.com/npm/type-is/-/type-is-1.6.18.tgz"
    "version" "1.6.18"
    dependencies:
      "media-typer" "0.3.0"
      "mime-types" "~2.1.24"
  
  "uglify-js@^2.4.19":
    "integrity" "sha1-KcVzMUgFe7Th913zW3qcty5qWd0="
    "resolved" "https://mirrors.cloud.tencent.com/npm/uglify-js/-/uglify-js-2.8.29.tgz"
    "version" "2.8.29"
    dependencies:
      "source-map" "~0.5.1"
      "yargs" "~3.10.0"
    optionalDependencies:
      "uglify-to-browserify" "~1.0.0"
  
  "uglify-js@~2.2.5":
    "integrity" "sha1-puAqcNg5eSuXgEiLe4sYTAlcmcc="
    "resolved" "https://mirrors.cloud.tencent.com/npm/uglify-js/-/uglify-js-2.2.5.tgz"
    "version" "2.2.5"
    dependencies:
      "optimist" "~0.3.5"
      "source-map" "~0.1.7"
  
  "uglify-to-browserify@~1.0.0":
    "integrity" "sha1-bgkk1r2mta/jSeOabWMoUKD4grc="
    "resolved" "https://mirrors.cloud.tencent.com/npm/uglify-to-browserify/-/uglify-to-browserify-1.0.2.tgz"
    "version" "1.0.2"
  
  "undefsafe@^2.0.5":
    "integrity" "sha512-WxONCrssBM8TSPRqN5EmsjVrsv4A8X12J4ArBiiayv3DyyG3ZlIg6yysuuSYdZsVz3TKcTg2fd//Ujd4CHV1iA=="
    "resolved" "https://mirrors.cloud.tencent.com/npm/undefsafe/-/undefsafe-2.0.5.tgz"
    "version" "2.0.5"
  
  "unpipe@~1.0.0", "unpipe@1.0.0":
    "integrity" "sha1-sr9O6FFKrmFltIF4KdIbLvSZBOw="
    "resolved" "https://mirrors.cloud.tencent.com/npm/unpipe/-/unpipe-1.0.0.tgz"
    "version" "1.0.0"
  
  "utils-merge@1.0.1":
    "integrity" "sha1-n5VxD1CiZ5R7LMwSR0HBAoQn5xM="
    "resolved" "https://mirrors.cloud.tencent.com/npm/utils-merge/-/utils-merge-1.0.1.tgz"
    "version" "1.0.1"
  
  "vary@~1.1.2":
    "integrity" "sha1-IpnwLG3tMNSllhsLn3RSShj2NPw="
    "resolved" "https://mirrors.cloud.tencent.com/npm/vary/-/vary-1.1.2.tgz"
    "version" "1.1.2"
  
  "void-elements@~2.0.1":
    "integrity" "sha1-wGavtYK7HLQSjWDqkjkulNXp2+w="
    "resolved" "https://mirrors.cloud.tencent.com/npm/void-elements/-/void-elements-2.0.1.tgz"
    "version" "2.0.1"
  
  "window-size@0.1.0":
    "integrity" "sha1-VDjNLqk7IC76Ohn+iIeu58lPnJ0="
    "resolved" "https://mirrors.cloud.tencent.com/npm/window-size/-/window-size-0.1.0.tgz"
    "version" "0.1.0"
  
  "with@~4.0.0":
    "integrity" "sha1-7v0VTp550sjTQXtkeo8U2f7M4U4="
    "resolved" "https://mirrors.cloud.tencent.com/npm/with/-/with-4.0.3.tgz"
    "version" "4.0.3"
    dependencies:
      "acorn" "^1.0.1"
      "acorn-globals" "^1.0.3"
  
  "wordwrap@~0.0.2":
    "integrity" "sha1-o9XabNXAvAAI03I0u68b7WMFkQc="
    "resolved" "https://mirrors.cloud.tencent.com/npm/wordwrap/-/wordwrap-0.0.3.tgz"
    "version" "0.0.3"
  
  "wordwrap@0.0.2":
    "integrity" "sha1-t5Zpu0LstAn4PVg8rVLKF+qhZD8="
    "resolved" "https://mirrors.cloud.tencent.com/npm/wordwrap/-/wordwrap-0.0.2.tgz"
    "version" "0.0.2"
  
  "yallist@^4.0.0":
    "integrity" "sha512-3wdGidZyq5PB084XLES5TpOSRA3wjXAlIWMhum2kRcv/41Sn2emQ0dycQW4uZXLejwKvg6EsvbdlVL+FYEct7A=="
    "resolved" "https://mirrors.cloud.tencent.com/npm/yallist/-/yallist-4.0.0.tgz"
    "version" "4.0.0"
  
  "yargs@~3.10.0":
    "integrity" "sha1-9+572FfdfB0tOMDnTvvWgdFDH9E="
    "resolved" "https://mirrors.cloud.tencent.com/npm/yargs/-/yargs-3.10.0.tgz"
    "version" "3.10.0"
    dependencies:
      "camelcase" "^1.0.2"
      "cliui" "^2.1.0"
      "decamelize" "^1.0.0"
      "window-size" "0.1.0"
